<?xml version="1.0" encoding="UTF-8"?>
<!-- Generated by org.testng.reporters.JUnitReportReporter -->
<testsuite hostname="DELL-C0HKRC2" failures="0" tests="1" name="pruebas.Laboratorio6b" time="0.414" errors="0" timestamp="2022-06-18T16:11:29 ART" skipped="0">
  <testcase classname="pruebas.Laboratorio6b" name="consultarValoresTabla" time="0.414"/>
  <system-out/>
</testsuite> <!-- pruebas.Laboratorio6b -->
