<?xml version="1.0" encoding="UTF-8"?>
<!-- Generated by org.testng.reporters.JUnitReportReporter -->
<testsuite hostname="DELL-C0HKRC2" failures="0" tests="1" name="Edit.EducacionIT14May2022.MobileEmulation" time="44.580" errors="0" timestamp="2022-06-13T19:51:23 ART" skipped="0">
  <testcase classname="Edit.EducacionIT14May2022.MobileEmulation" name="testMobileEmulation" time="44.580"/>
  <system-out/>
</testsuite> <!-- Edit.EducacionIT14May2022.MobileEmulation -->
