<?xml version="1.0" encoding="UTF-8"?>
<!-- Generated by org.testng.reporters.JUnitReportReporter -->
<testsuite hostname="DELL-C0HKRC2" failures="0" tests="1" name="Edit.EducacionIT14May2022.Laboratorio2" time="30.410" errors="0" timestamp="2022-06-11T17:41:01 ART" skipped="0">
  <testcase classname="Edit.EducacionIT14May2022.Laboratorio2" name="registrarUsuario" time="30.410"/>
  <system-out/>
</testsuite> <!-- Edit.EducacionIT14May2022.Laboratorio2 -->
