<?xml version="1.0" encoding="UTF-8"?>
<!-- Generated by org.testng.reporters.JUnitReportReporter -->
<testsuite hostname="DELL-C0HKRC2" failures="0" tests="4" name="pruebas.Laboratorio6" time="7.409" errors="0" timestamp="2022-06-18T15:52:21 ART" skipped="0">
  <testcase classname="pruebas.Laboratorio6" name="alertaConfirmacion" time="0.252"/>
  <system-out/>
  <testcase classname="pruebas.Laboratorio6" name="alertaNotificacion" time="0.780"/>
  <system-out/>
  <testcase classname="pruebas.Laboratorio6" name="alertaEspera" time="5.798"/>
  <system-out/>
  <testcase classname="pruebas.Laboratorio6" name="alertaEscribir" time="0.579"/>
  <system-out/>
</testsuite> <!-- pruebas.Laboratorio6 -->
